<?xml version="1.0" encoding="UTF-8"?>
<!-- Generated by org.testng.reporters.JUnitReportReporter -->
<testsuite skipped="0" hostname="Shiv" name="office.DPAndAssertion" tests="311" failures="0" timestamp="15 Mar 2019 09:19:49 GMT" time="0.289" errors="0">
  <testcase name="testData" time="0.002" classname="office.DPAndAssertion"/>
  <testcase name="testData" time="0.000" classname="office.DPAndAssertion"/>
  <testcase name="testData" time="0.001" classname="office.DPAndAssertion"/>
  <testcase name="testData" time="0.001" classname="office.DPAndAssertion"/>
  <testcase name="testData" time="0.000" classname="office.DPAndAssertion"/>
  <testcase name="testData" time="0.003" classname="office.DPAndAssertion"/>
  <testcase name="testData" time="0.000" classname="office.DPAndAssertion"/>
  <testcase name="testData" time="0.000" classname="office.DPAndAssertion"/>
  <testcase name="testData" time="0.001" classname="office.DPAndAssertion"/>
  <testcase name="testData" time="0.001" classname="office.DPAndAssertion"/>
  <testcase name="testData" time="0.001" classname="office.DPAndAssertion"/>
  <testcase name="testData" time="0.000" classname="office.DPAndAssertion"/>
  <testcase name="testData" time="0.000" classname="office.DPAndAssertion"/>
  <testcase name="testData" time="0.000" classname="office.DPAndAssertion"/>
  <testcase name="testData" time="0.000" classname="office.DPAndAssertion"/>
  <testcase name="testData" time="0.000" classname="office.DPAndAssertion"/>
  <testcase name="testData" time="0.000" classname="office.DPAndAssertion"/>
  <testcase name="testData" time="0.000" classname="office.DPAndAssertion"/>
  <testcase name="testData" time="0.000" classname="office.DPAndAssertion"/>
  <testcase name="testData" time="0.001" classname="office.DPAndAssertion"/>
  <testcase name="testData" time="0.003" classname="office.DPAndAssertion"/>
  <testcase name="testData" time="0.001" classname="office.DPAndAssertion"/>
  <testcase name="testData" time="0.004" classname="office.DPAndAssertion"/>
  <testcase name="testData" time="0.000" classname="office.DPAndAssertion"/>
  <testcase name="testData" time="0.001" classname="office.DPAndAssertion"/>
  <testcase name="testData" time="0.001" classname="office.DPAndAssertion"/>
  <testcase name="testData" time="0.001" classname="office.DPAndAssertion"/>
  <testcase name="testData" time="0.000" classname="office.DPAndAssertion"/>
  <testcase name="testData" time="0.001" classname="office.DPAndAssertion"/>
  <testcase name="testData" time="0.000" classname="office.DPAndAssertion"/>
  <testcase name="testData" time="0.000" classname="office.DPAndAssertion"/>
  <testcase name="testData" time="0.000" classname="office.DPAndAssertion"/>
  <testcase name="testData" time="0.001" classname="office.DPAndAssertion"/>
  <testcase name="testData" time="0.001" classname="office.DPAndAssertion"/>
  <testcase name="testData" time="0.001" classname="office.DPAndAssertion"/>
  <testcase name="testData" time="0.000" classname="office.DPAndAssertion"/>
  <testcase name="testData" time="0.000" classname="office.DPAndAssertion"/>
  <testcase name="testData" time="0.001" classname="office.DPAndAssertion"/>
  <testcase name="testData" time="0.000" classname="office.DPAndAssertion"/>
  <testcase name="testData" time="0.000" classname="office.DPAndAssertion"/>
  <testcase name="testData" time="0.001" classname="office.DPAndAssertion"/>
  <testcase name="testData" time="0.001" classname="office.DPAndAssertion"/>
  <testcase name="testData" time="0.000" classname="office.DPAndAssertion"/>
  <testcase name="testData" time="0.001" classname="office.DPAndAssertion"/>
  <testcase name="testData" time="0.001" classname="office.DPAndAssertion"/>
  <testcase name="testData" time="0.001" classname="office.DPAndAssertion"/>
  <testcase name="testData" time="0.000" classname="office.DPAndAssertion"/>
  <testcase name="testData" time="0.001" classname="office.DPAndAssertion"/>
  <testcase name="testData" time="0.000" classname="office.DPAndAssertion"/>
  <testcase name="testData" time="0.001" classname="office.DPAndAssertion"/>
  <testcase name="testData" time="0.000" classname="office.DPAndAssertion"/>
  <testcase name="testData" time="0.001" classname="office.DPAndAssertion"/>
  <testcase name="testData" time="0.000" classname="office.DPAndAssertion"/>
  <testcase name="testData" time="0.000" classname="office.DPAndAssertion"/>
  <testcase name="testData" time="0.001" classname="office.DPAndAssertion"/>
  <testcase name="testData" time="0.000" classname="office.DPAndAssertion"/>
  <testcase name="testData" time="0.001" classname="office.DPAndAssertion"/>
  <testcase name="testData" time="0.000" classname="office.DPAndAssertion"/>
  <testcase name="testData" time="0.001" classname="office.DPAndAssertion"/>
  <testcase name="testData" time="0.001" classname="office.DPAndAssertion"/>
  <testcase name="testData" time="0.001" classname="office.DPAndAssertion"/>
  <testcase name="testData" time="0.001" classname="office.DPAndAssertion"/>
  <testcase name="testData" time="0.000" classname="office.DPAndAssertion"/>
  <testcase name="testData" time="0.001" classname="office.DPAndAssertion"/>
  <testcase name="testData" time="0.000" classname="office.DPAndAssertion"/>
  <testcase name="testData" time="0.001" classname="office.DPAndAssertion"/>
  <testcase name="testData" time="0.001" classname="office.DPAndAssertion"/>
  <testcase name="testData" time="0.001" classname="office.DPAndAssertion"/>
  <testcase name="testData" time="0.001" classname="office.DPAndAssertion"/>
  <testcase name="testData" time="0.000" classname="office.DPAndAssertion"/>
  <testcase name="testData" time="0.001" classname="office.DPAndAssertion"/>
  <testcase name="testData" time="0.001" classname="office.DPAndAssertion"/>
  <testcase name="testData" time="0.001" classname="office.DPAndAssertion"/>
  <testcase name="testData" time="0.001" classname="office.DPAndAssertion"/>
  <testcase name="testData" time="0.001" classname="office.DPAndAssertion"/>
  <testcase name="testData" time="0.000" classname="office.DPAndAssertion"/>
  <testcase name="testData" time="0.001" classname="office.DPAndAssertion"/>
  <testcase name="testData" time="0.001" classname="office.DPAndAssertion"/>
  <testcase name="testData" time="0.001" classname="office.DPAndAssertion"/>
  <testcase name="testData" time="0.001" classname="office.DPAndAssertion"/>
  <testcase name="testData" time="0.000" classname="office.DPAndAssertion"/>
  <testcase name="testData" time="0.000" classname="office.DPAndAssertion"/>
  <testcase name="testData" time="0.000" classname="office.DPAndAssertion"/>
  <testcase name="testData" time="0.000" classname="office.DPAndAssertion"/>
  <testcase name="testData" time="0.001" classname="office.DPAndAssertion"/>
  <testcase name="testData" time="0.004" classname="office.DPAndAssertion"/>
  <testcase name="testData" time="0.001" classname="office.DPAndAssertion"/>
  <testcase name="testData" time="0.003" classname="office.DPAndAssertion"/>
  <testcase name="testData" time="0.000" classname="office.DPAndAssertion"/>
  <testcase name="testData" time="0.001" classname="office.DPAndAssertion"/>
  <testcase name="testData" time="0.002" classname="office.DPAndAssertion"/>
  <testcase name="testData" time="0.001" classname="office.DPAndAssertion"/>
  <testcase name="testData" time="0.008" classname="office.DPAndAssertion"/>
  <testcase name="testData" time="0.002" classname="office.DPAndAssertion"/>
  <testcase name="testData" time="0.001" classname="office.DPAndAssertion"/>
  <testcase name="testData" time="0.001" classname="office.DPAndAssertion"/>
  <testcase name="testData" time="0.001" classname="office.DPAndAssertion"/>
  <testcase name="testData" time="0.001" classname="office.DPAndAssertion"/>
  <testcase name="testData" time="0.001" classname="office.DPAndAssertion"/>
  <testcase name="testData" time="0.000" classname="office.DPAndAssertion"/>
  <testcase name="testData" time="0.001" classname="office.DPAndAssertion"/>
  <testcase name="testData" time="0.001" classname="office.DPAndAssertion"/>
  <testcase name="testData" time="0.001" classname="office.DPAndAssertion"/>
  <testcase name="testData" time="0.000" classname="office.DPAndAssertion"/>
  <testcase name="testData" time="0.000" classname="office.DPAndAssertion"/>
  <testcase name="testData" time="0.001" classname="office.DPAndAssertion"/>
  <testcase name="testData" time="0.000" classname="office.DPAndAssertion"/>
  <testcase name="testData" time="0.002" classname="office.DPAndAssertion"/>
  <testcase name="testData" time="0.001" classname="office.DPAndAssertion"/>
  <testcase name="testData" time="0.000" classname="office.DPAndAssertion"/>
  <testcase name="testData" time="0.001" classname="office.DPAndAssertion"/>
  <testcase name="testData" time="0.000" classname="office.DPAndAssertion"/>
  <testcase name="testData" time="0.001" classname="office.DPAndAssertion"/>
  <testcase name="testData" time="0.001" classname="office.DPAndAssertion"/>
  <testcase name="testData" time="0.001" classname="office.DPAndAssertion"/>
  <testcase name="testData" time="0.000" classname="office.DPAndAssertion"/>
  <testcase name="testData" time="0.001" classname="office.DPAndAssertion"/>
  <testcase name="testData" time="0.001" classname="office.DPAndAssertion"/>
  <testcase name="testData" time="0.001" classname="office.DPAndAssertion"/>
  <testcase name="testData" time="0.001" classname="office.DPAndAssertion"/>
  <testcase name="testData" time="0.005" classname="office.DPAndAssertion"/>
  <testcase name="testData" time="0.001" classname="office.DPAndAssertion"/>
  <testcase name="testData" time="0.001" classname="office.DPAndAssertion"/>
  <testcase name="testData" time="0.001" classname="office.DPAndAssertion"/>
  <testcase name="testData" time="0.000" classname="office.DPAndAssertion"/>
  <testcase name="testData" time="0.000" classname="office.DPAndAssertion"/>
  <testcase name="testData" time="0.000" classname="office.DPAndAssertion"/>
  <testcase name="testData" time="0.000" classname="office.DPAndAssertion"/>
  <testcase name="testData" time="0.001" classname="office.DPAndAssertion"/>
  <testcase name="testData" time="0.001" classname="office.DPAndAssertion"/>
  <testcase name="testData" time="0.001" classname="office.DPAndAssertion"/>
  <testcase name="testData" time="0.000" classname="office.DPAndAssertion"/>
  <testcase name="testData" time="0.013" classname="office.DPAndAssertion"/>
  <testcase name="testData" time="0.001" classname="office.DPAndAssertion"/>
  <testcase name="testData" time="0.000" classname="office.DPAndAssertion"/>
  <testcase name="testData" time="0.001" classname="office.DPAndAssertion"/>
  <testcase name="testData" time="0.000" classname="office.DPAndAssertion"/>
  <testcase name="testData" time="0.000" classname="office.DPAndAssertion"/>
  <testcase name="testData" time="0.001" classname="office.DPAndAssertion"/>
  <testcase name="testData" time="0.002" classname="office.DPAndAssertion"/>
  <testcase name="testData" time="0.001" classname="office.DPAndAssertion"/>
  <testcase name="testData" time="0.001" classname="office.DPAndAssertion"/>
  <testcase name="testData" time="0.000" classname="office.DPAndAssertion"/>
  <testcase name="testData" time="0.000" classname="office.DPAndAssertion"/>
  <testcase name="testData" time="0.000" classname="office.DPAndAssertion"/>
  <testcase name="testData" time="0.001" classname="office.DPAndAssertion"/>
  <testcase name="testData" time="0.001" classname="office.DPAndAssertion"/>
  <testcase name="testData" time="0.000" classname="office.DPAndAssertion"/>
  <testcase name="testData" time="0.000" classname="office.DPAndAssertion"/>
  <testcase name="testData" time="0.001" classname="office.DPAndAssertion"/>
  <testcase name="testData" time="0.000" classname="office.DPAndAssertion"/>
  <testcase name="testData" time="0.000" classname="office.DPAndAssertion"/>
  <testcase name="testData" time="0.000" classname="office.DPAndAssertion"/>
  <testcase name="testData" time="0.001" classname="office.DPAndAssertion"/>
  <testcase name="testData" time="0.001" classname="office.DPAndAssertion"/>
  <testcase name="testData" time="0.000" classname="office.DPAndAssertion"/>
  <testcase name="testData" time="0.001" classname="office.DPAndAssertion"/>
  <testcase name="testData" time="0.002" classname="office.DPAndAssertion"/>
  <testcase name="testData" time="0.001" classname="office.DPAndAssertion"/>
  <testcase name="testData" time="0.001" classname="office.DPAndAssertion"/>
  <testcase name="testData" time="0.000" classname="office.DPAndAssertion"/>
  <testcase name="testData" time="0.001" classname="office.DPAndAssertion"/>
  <testcase name="testData" time="0.000" classname="office.DPAndAssertion"/>
  <testcase name="testData" time="0.001" classname="office.DPAndAssertion"/>
  <testcase name="testData" time="0.000" classname="office.DPAndAssertion"/>
  <testcase name="testData" time="0.001" classname="office.DPAndAssertion"/>
  <testcase name="testData" time="0.001" classname="office.DPAndAssertion"/>
  <testcase name="testData" time="0.001" classname="office.DPAndAssertion"/>
  <testcase name="testData" time="0.002" classname="office.DPAndAssertion"/>
  <testcase name="testData" time="0.002" classname="office.DPAndAssertion"/>
  <testcase name="testData" time="0.000" classname="office.DPAndAssertion"/>
  <testcase name="testData" time="0.000" classname="office.DPAndAssertion"/>
  <testcase name="testData" time="0.001" classname="office.DPAndAssertion"/>
  <testcase name="testData" time="0.000" classname="office.DPAndAssertion"/>
  <testcase name="testData" time="0.000" classname="office.DPAndAssertion"/>
  <testcase name="testData" time="0.000" classname="office.DPAndAssertion"/>
  <testcase name="testData" time="0.000" classname="office.DPAndAssertion"/>
  <testcase name="testData" time="0.002" classname="office.DPAndAssertion"/>
  <testcase name="testData" time="0.015" classname="office.DPAndAssertion"/>
  <testcase name="testData" time="0.001" classname="office.DPAndAssertion"/>
  <testcase name="testData" time="0.001" classname="office.DPAndAssertion"/>
  <testcase name="testData" time="0.001" classname="office.DPAndAssertion"/>
  <testcase name="testData" time="0.001" classname="office.DPAndAssertion"/>
  <testcase name="testData" time="0.001" classname="office.DPAndAssertion"/>
  <testcase name="testData" time="0.003" classname="office.DPAndAssertion"/>
  <testcase name="testData" time="0.000" classname="office.DPAndAssertion"/>
  <testcase name="testData" time="0.000" classname="office.DPAndAssertion"/>
  <testcase name="testData" time="0.001" classname="office.DPAndAssertion"/>
  <testcase name="testData" time="0.000" classname="office.DPAndAssertion"/>
  <testcase name="testData" time="0.001" classname="office.DPAndAssertion"/>
  <testcase name="testData" time="0.001" classname="office.DPAndAssertion"/>
  <testcase name="testData" time="0.001" classname="office.DPAndAssertion"/>
  <testcase name="testData" time="0.003" classname="office.DPAndAssertion"/>
  <testcase name="testData" time="0.001" classname="office.DPAndAssertion"/>
  <testcase name="testData" time="0.001" classname="office.DPAndAssertion"/>
  <testcase name="testData" time="0.001" classname="office.DPAndAssertion"/>
  <testcase name="testData" time="0.000" classname="office.DPAndAssertion"/>
  <testcase name="testData" time="0.000" classname="office.DPAndAssertion"/>
  <testcase name="testData" time="0.002" classname="office.DPAndAssertion"/>
  <testcase name="testData" time="0.001" classname="office.DPAndAssertion"/>
  <testcase name="testData" time="0.004" classname="office.DPAndAssertion"/>
  <testcase name="testData" time="0.001" classname="office.DPAndAssertion"/>
  <testcase name="testData" time="0.000" classname="office.DPAndAssertion"/>
  <testcase name="testData" time="0.002" classname="office.DPAndAssertion"/>
  <testcase name="testData" time="0.000" classname="office.DPAndAssertion"/>
  <testcase name="testData" time="0.001" classname="office.DPAndAssertion"/>
  <testcase name="testData" time="0.001" classname="office.DPAndAssertion"/>
  <testcase name="testData" time="0.001" classname="office.DPAndAssertion"/>
  <testcase name="testData" time="0.000" classname="office.DPAndAssertion"/>
  <testcase name="testData" time="0.001" classname="office.DPAndAssertion"/>
  <testcase name="testData" time="0.001" classname="office.DPAndAssertion"/>
  <testcase name="testData" time="0.000" classname="office.DPAndAssertion"/>
  <testcase name="testData" time="0.001" classname="office.DPAndAssertion"/>
  <testcase name="testData" time="0.001" classname="office.DPAndAssertion"/>
  <testcase name="testData" time="0.000" classname="office.DPAndAssertion"/>
  <testcase name="testData" time="0.001" classname="office.DPAndAssertion"/>
  <testcase name="testData" time="0.001" classname="office.DPAndAssertion"/>
  <testcase name="testData" time="0.001" classname="office.DPAndAssertion"/>
  <testcase name="testData" time="0.001" classname="office.DPAndAssertion"/>
  <testcase name="testData" time="0.001" classname="office.DPAndAssertion"/>
  <testcase name="testData" time="0.001" classname="office.DPAndAssertion"/>
  <testcase name="testData" time="0.000" classname="office.DPAndAssertion"/>
  <testcase name="testData" time="0.001" classname="office.DPAndAssertion"/>
  <testcase name="testData" time="0.001" classname="office.DPAndAssertion"/>
  <testcase name="testData" time="0.001" classname="office.DPAndAssertion"/>
  <testcase name="testData" time="0.001" classname="office.DPAndAssertion"/>
  <testcase name="testData" time="0.001" classname="office.DPAndAssertion"/>
  <testcase name="testData" time="0.000" classname="office.DPAndAssertion"/>
  <testcase name="testData" time="0.000" classname="office.DPAndAssertion"/>
  <testcase name="testData" time="0.000" classname="office.DPAndAssertion"/>
  <testcase name="testData" time="0.001" classname="office.DPAndAssertion"/>
  <testcase name="testData" time="0.001" classname="office.DPAndAssertion"/>
  <testcase name="testData" time="0.001" classname="office.DPAndAssertion"/>
  <testcase name="testData" time="0.000" classname="office.DPAndAssertion"/>
  <testcase name="testData" time="0.000" classname="office.DPAndAssertion"/>
  <testcase name="testData" time="0.001" classname="office.DPAndAssertion"/>
  <testcase name="testData" time="0.000" classname="office.DPAndAssertion"/>
  <testcase name="testData" time="0.003" classname="office.DPAndAssertion"/>
  <testcase name="testData" time="0.001" classname="office.DPAndAssertion"/>
  <testcase name="testData" time="0.001" classname="office.DPAndAssertion"/>
  <testcase name="testData" time="0.001" classname="office.DPAndAssertion"/>
  <testcase name="testData" time="0.001" classname="office.DPAndAssertion"/>
  <testcase name="testData" time="0.001" classname="office.DPAndAssertion"/>
  <testcase name="testData" time="0.000" classname="office.DPAndAssertion"/>
  <testcase name="testData" time="0.001" classname="office.DPAndAssertion"/>
  <testcase name="testData" time="0.015" classname="office.DPAndAssertion"/>
  <testcase name="testData" time="0.000" classname="office.DPAndAssertion"/>
  <testcase name="testData" time="0.001" classname="office.DPAndAssertion"/>
  <testcase name="testData" time="0.005" classname="office.DPAndAssertion"/>
  <testcase name="testData" time="0.001" classname="office.DPAndAssertion"/>
  <testcase name="testData" time="0.000" classname="office.DPAndAssertion"/>
  <testcase name="testData" time="0.001" classname="office.DPAndAssertion"/>
  <testcase name="testData" time="0.002" classname="office.DPAndAssertion"/>
  <testcase name="testData" time="0.001" classname="office.DPAndAssertion"/>
  <testcase name="testData" time="0.000" classname="office.DPAndAssertion"/>
  <testcase name="testData" time="0.000" classname="office.DPAndAssertion"/>
  <testcase name="testData" time="0.001" classname="office.DPAndAssertion"/>
  <testcase name="testData" time="0.000" classname="office.DPAndAssertion"/>
  <testcase name="testData" time="0.001" classname="office.DPAndAssertion"/>
  <testcase name="testData" time="0.002" classname="office.DPAndAssertion"/>
  <testcase name="testData" time="0.000" classname="office.DPAndAssertion"/>
  <testcase name="testData" time="0.001" classname="office.DPAndAssertion"/>
  <testcase name="testData" time="0.001" classname="office.DPAndAssertion"/>
  <testcase name="testData" time="0.001" classname="office.DPAndAssertion"/>
  <testcase name="testData" time="0.001" classname="office.DPAndAssertion"/>
  <testcase name="testData" time="0.001" classname="office.DPAndAssertion"/>
  <testcase name="testData" time="0.000" classname="office.DPAndAssertion"/>
  <testcase name="testData" time="0.000" classname="office.DPAndAssertion"/>
  <testcase name="testData" time="0.001" classname="office.DPAndAssertion"/>
  <testcase name="testData" time="0.001" classname="office.DPAndAssertion"/>
  <testcase name="testData" time="0.000" classname="office.DPAndAssertion"/>
  <testcase name="testData" time="0.001" classname="office.DPAndAssertion"/>
  <testcase name="testData" time="0.001" classname="office.DPAndAssertion"/>
  <testcase name="testData" time="0.002" classname="office.DPAndAssertion"/>
  <testcase name="testData" time="0.000" classname="office.DPAndAssertion"/>
  <testcase name="testData" time="0.001" classname="office.DPAndAssertion"/>
  <testcase name="testData" time="0.001" classname="office.DPAndAssertion"/>
  <testcase name="testData" time="0.001" classname="office.DPAndAssertion"/>
  <testcase name="testData" time="0.001" classname="office.DPAndAssertion"/>
  <testcase name="testData" time="0.002" classname="office.DPAndAssertion"/>
  <testcase name="testData" time="0.001" classname="office.DPAndAssertion"/>
  <testcase name="testData" time="0.001" classname="office.DPAndAssertion"/>
  <testcase name="testData" time="0.001" classname="office.DPAndAssertion"/>
  <testcase name="testData" time="0.001" classname="office.DPAndAssertion"/>
  <testcase name="testData" time="0.000" classname="office.DPAndAssertion"/>
  <testcase name="testData" time="0.000" classname="office.DPAndAssertion"/>
  <testcase name="testData" time="0.001" classname="office.DPAndAssertion"/>
  <testcase name="testData" time="0.000" classname="office.DPAndAssertion"/>
  <testcase name="testData" time="0.000" classname="office.DPAndAssertion"/>
  <testcase name="testData" time="0.000" classname="office.DPAndAssertion"/>
  <testcase name="testData" time="0.000" classname="office.DPAndAssertion"/>
  <testcase name="testData" time="0.001" classname="office.DPAndAssertion"/>
  <testcase name="testData" time="0.001" classname="office.DPAndAssertion"/>
  <testcase name="testData" time="0.000" classname="office.DPAndAssertion"/>
  <testcase name="testData" time="0.001" classname="office.DPAndAssertion"/>
  <testcase name="testData" time="0.001" classname="office.DPAndAssertion"/>
  <testcase name="testData" time="0.001" classname="office.DPAndAssertion"/>
  <testcase name="testData" time="0.001" classname="office.DPAndAssertion"/>
  <testcase name="testData" time="0.001" classname="office.DPAndAssertion"/>
  <testcase name="testData" time="0.000" classname="office.DPAndAssertion"/>
  <testcase name="testData" time="0.000" classname="office.DPAndAssertion"/>
  <testcase name="testData" time="0.001" classname="office.DPAndAssertion"/>
  <testcase name="testData" time="0.000" classname="office.DPAndAssertion"/>
  <testcase name="testData" time="0.000" classname="office.DPAndAssertion"/>
  <testcase name="testData" time="0.000" classname="office.DPAndAssertion"/>
  <testcase name="testData" time="0.000" classname="office.DPAndAssertion"/>
  <testcase name="testData" time="0.001" classname="office.DPAndAssertion"/>
  <testcase name="testData" time="0.001" classname="office.DPAndAssertion"/>
  <testcase name="testData" time="0.000" classname="office.DPAndAssertion"/>
  <testcase name="testData" time="0.001" classname="office.DPAndAssertion"/>
  <testcase name="testData" time="0.001" classname="office.DPAndAssertion"/>
</testsuite> <!-- office.DPAndAssertion -->
