<?xml version="1.0" encoding="UTF-8"?>
<!-- Generated by org.testng.reporters.JUnitReportReporter -->
<testsuite skipped="0" hostname="Shiv" name="assignment.Scenario1" tests="1" failures="0" timestamp="22 Mar 2019 19:46:53 GMT" time="35.333" errors="0">
  <testcase name="gmailLogin" time="35.333" classname="assignment.Scenario1"/>
</testsuite> <!-- assignment.Scenario1 -->
