<?xml version="1.0" encoding="UTF-8"?>
<!-- Generated by org.testng.reporters.JUnitReportReporter -->
<testsuite skipped="0" hostname="Shiv" name="OfficePractice.UrbanLadder" tests="1" failures="0" timestamp="15 Mar 2019 07:15:45 GMT" time="117.011" errors="0">
  <testcase name="testUrbanMenus" time="117.011" classname="OfficePractice.UrbanLadder"/>
</testsuite> <!-- OfficePractice.UrbanLadder -->
