<?xml version="1.0" encoding="UTF-8"?>
<!-- Generated by org.testng.reporters.JUnitReportReporter -->
<testsuite skipped="0" hostname="Shiv" name="OfficePractice.DPAndAssertion" tests="311" failures="0" timestamp="15 Mar 2019 07:36:06 GMT" time="0.324" errors="0">
  <testcase name="testData" time="0.004" classname="OfficePractice.DPAndAssertion"/>
  <testcase name="testData" time="0.000" classname="OfficePractice.DPAndAssertion"/>
  <testcase name="testData" time="0.000" classname="OfficePractice.DPAndAssertion"/>
  <testcase name="testData" time="0.000" classname="OfficePractice.DPAndAssertion"/>
  <testcase name="testData" time="0.004" classname="OfficePractice.DPAndAssertion"/>
  <testcase name="testData" time="0.004" classname="OfficePractice.DPAndAssertion"/>
  <testcase name="testData" time="0.004" classname="OfficePractice.DPAndAssertion"/>
  <testcase name="testData" time="0.000" classname="OfficePractice.DPAndAssertion"/>
  <testcase name="testData" time="0.000" classname="OfficePractice.DPAndAssertion"/>
  <testcase name="testData" time="0.000" classname="OfficePractice.DPAndAssertion"/>
  <testcase name="testData" time="0.000" classname="OfficePractice.DPAndAssertion"/>
  <testcase name="testData" time="0.000" classname="OfficePractice.DPAndAssertion"/>
  <testcase name="testData" time="0.000" classname="OfficePractice.DPAndAssertion"/>
  <testcase name="testData" time="0.000" classname="OfficePractice.DPAndAssertion"/>
  <testcase name="testData" time="0.000" classname="OfficePractice.DPAndAssertion"/>
  <testcase name="testData" time="0.000" classname="OfficePractice.DPAndAssertion"/>
  <testcase name="testData" time="0.004" classname="OfficePractice.DPAndAssertion"/>
  <testcase name="testData" time="0.000" classname="OfficePractice.DPAndAssertion"/>
  <testcase name="testData" time="0.000" classname="OfficePractice.DPAndAssertion"/>
  <testcase name="testData" time="0.004" classname="OfficePractice.DPAndAssertion"/>
  <testcase name="testData" time="0.004" classname="OfficePractice.DPAndAssertion"/>
  <testcase name="testData" time="0.000" classname="OfficePractice.DPAndAssertion"/>
  <testcase name="testData" time="0.004" classname="OfficePractice.DPAndAssertion"/>
  <testcase name="testData" time="0.000" classname="OfficePractice.DPAndAssertion"/>
  <testcase name="testData" time="0.000" classname="OfficePractice.DPAndAssertion"/>
  <testcase name="testData" time="0.004" classname="OfficePractice.DPAndAssertion"/>
  <testcase name="testData" time="0.000" classname="OfficePractice.DPAndAssertion"/>
  <testcase name="testData" time="0.000" classname="OfficePractice.DPAndAssertion"/>
  <testcase name="testData" time="0.000" classname="OfficePractice.DPAndAssertion"/>
  <testcase name="testData" time="0.000" classname="OfficePractice.DPAndAssertion"/>
  <testcase name="testData" time="0.000" classname="OfficePractice.DPAndAssertion"/>
  <testcase name="testData" time="0.000" classname="OfficePractice.DPAndAssertion"/>
  <testcase name="testData" time="0.000" classname="OfficePractice.DPAndAssertion"/>
  <testcase name="testData" time="0.000" classname="OfficePractice.DPAndAssertion"/>
  <testcase name="testData" time="0.004" classname="OfficePractice.DPAndAssertion"/>
  <testcase name="testData" time="0.000" classname="OfficePractice.DPAndAssertion"/>
  <testcase name="testData" time="0.000" classname="OfficePractice.DPAndAssertion"/>
  <testcase name="testData" time="0.000" classname="OfficePractice.DPAndAssertion"/>
  <testcase name="testData" time="0.004" classname="OfficePractice.DPAndAssertion"/>
  <testcase name="testData" time="0.000" classname="OfficePractice.DPAndAssertion"/>
  <testcase name="testData" time="0.000" classname="OfficePractice.DPAndAssertion"/>
  <testcase name="testData" time="0.000" classname="OfficePractice.DPAndAssertion"/>
  <testcase name="testData" time="0.000" classname="OfficePractice.DPAndAssertion"/>
  <testcase name="testData" time="0.004" classname="OfficePractice.DPAndAssertion"/>
  <testcase name="testData" time="0.000" classname="OfficePractice.DPAndAssertion"/>
  <testcase name="testData" time="0.000" classname="OfficePractice.DPAndAssertion"/>
  <testcase name="testData" time="0.000" classname="OfficePractice.DPAndAssertion"/>
  <testcase name="testData" time="0.004" classname="OfficePractice.DPAndAssertion"/>
  <testcase name="testData" time="0.004" classname="OfficePractice.DPAndAssertion"/>
  <testcase name="testData" time="0.004" classname="OfficePractice.DPAndAssertion"/>
  <testcase name="testData" time="0.000" classname="OfficePractice.DPAndAssertion"/>
  <testcase name="testData" time="0.000" classname="OfficePractice.DPAndAssertion"/>
  <testcase name="testData" time="0.000" classname="OfficePractice.DPAndAssertion"/>
  <testcase name="testData" time="0.004" classname="OfficePractice.DPAndAssertion"/>
  <testcase name="testData" time="0.000" classname="OfficePractice.DPAndAssertion"/>
  <testcase name="testData" time="0.000" classname="OfficePractice.DPAndAssertion"/>
  <testcase name="testData" time="0.000" classname="OfficePractice.DPAndAssertion"/>
  <testcase name="testData" time="0.000" classname="OfficePractice.DPAndAssertion"/>
  <testcase name="testData" time="0.004" classname="OfficePractice.DPAndAssertion"/>
  <testcase name="testData" time="0.000" classname="OfficePractice.DPAndAssertion"/>
  <testcase name="testData" time="0.004" classname="OfficePractice.DPAndAssertion"/>
  <testcase name="testData" time="0.000" classname="OfficePractice.DPAndAssertion"/>
  <testcase name="testData" time="0.000" classname="OfficePractice.DPAndAssertion"/>
  <testcase name="testData" time="0.000" classname="OfficePractice.DPAndAssertion"/>
  <testcase name="testData" time="0.000" classname="OfficePractice.DPAndAssertion"/>
  <testcase name="testData" time="0.000" classname="OfficePractice.DPAndAssertion"/>
  <testcase name="testData" time="0.000" classname="OfficePractice.DPAndAssertion"/>
  <testcase name="testData" time="0.000" classname="OfficePractice.DPAndAssertion"/>
  <testcase name="testData" time="0.000" classname="OfficePractice.DPAndAssertion"/>
  <testcase name="testData" time="0.004" classname="OfficePractice.DPAndAssertion"/>
  <testcase name="testData" time="0.000" classname="OfficePractice.DPAndAssertion"/>
  <testcase name="testData" time="0.000" classname="OfficePractice.DPAndAssertion"/>
  <testcase name="testData" time="0.000" classname="OfficePractice.DPAndAssertion"/>
  <testcase name="testData" time="0.004" classname="OfficePractice.DPAndAssertion"/>
  <testcase name="testData" time="0.000" classname="OfficePractice.DPAndAssertion"/>
  <testcase name="testData" time="0.000" classname="OfficePractice.DPAndAssertion"/>
  <testcase name="testData" time="0.000" classname="OfficePractice.DPAndAssertion"/>
  <testcase name="testData" time="0.000" classname="OfficePractice.DPAndAssertion"/>
  <testcase name="testData" time="0.000" classname="OfficePractice.DPAndAssertion"/>
  <testcase name="testData" time="0.000" classname="OfficePractice.DPAndAssertion"/>
  <testcase name="testData" time="0.000" classname="OfficePractice.DPAndAssertion"/>
  <testcase name="testData" time="0.000" classname="OfficePractice.DPAndAssertion"/>
  <testcase name="testData" time="0.000" classname="OfficePractice.DPAndAssertion"/>
  <testcase name="testData" time="0.000" classname="OfficePractice.DPAndAssertion"/>
  <testcase name="testData" time="0.004" classname="OfficePractice.DPAndAssertion"/>
  <testcase name="testData" time="0.000" classname="OfficePractice.DPAndAssertion"/>
  <testcase name="testData" time="0.004" classname="OfficePractice.DPAndAssertion"/>
  <testcase name="testData" time="0.004" classname="OfficePractice.DPAndAssertion"/>
  <testcase name="testData" time="0.004" classname="OfficePractice.DPAndAssertion"/>
  <testcase name="testData" time="0.004" classname="OfficePractice.DPAndAssertion"/>
  <testcase name="testData" time="0.004" classname="OfficePractice.DPAndAssertion"/>
  <testcase name="testData" time="0.004" classname="OfficePractice.DPAndAssertion"/>
  <testcase name="testData" time="0.012" classname="OfficePractice.DPAndAssertion"/>
  <testcase name="testData" time="0.000" classname="OfficePractice.DPAndAssertion"/>
  <testcase name="testData" time="0.000" classname="OfficePractice.DPAndAssertion"/>
  <testcase name="testData" time="0.004" classname="OfficePractice.DPAndAssertion"/>
  <testcase name="testData" time="0.000" classname="OfficePractice.DPAndAssertion"/>
  <testcase name="testData" time="0.000" classname="OfficePractice.DPAndAssertion"/>
  <testcase name="testData" time="0.000" classname="OfficePractice.DPAndAssertion"/>
  <testcase name="testData" time="0.000" classname="OfficePractice.DPAndAssertion"/>
  <testcase name="testData" time="0.000" classname="OfficePractice.DPAndAssertion"/>
  <testcase name="testData" time="0.000" classname="OfficePractice.DPAndAssertion"/>
  <testcase name="testData" time="0.000" classname="OfficePractice.DPAndAssertion"/>
  <testcase name="testData" time="0.000" classname="OfficePractice.DPAndAssertion"/>
  <testcase name="testData" time="0.000" classname="OfficePractice.DPAndAssertion"/>
  <testcase name="testData" time="0.000" classname="OfficePractice.DPAndAssertion"/>
  <testcase name="testData" time="0.000" classname="OfficePractice.DPAndAssertion"/>
  <testcase name="testData" time="0.004" classname="OfficePractice.DPAndAssertion"/>
  <testcase name="testData" time="0.000" classname="OfficePractice.DPAndAssertion"/>
  <testcase name="testData" time="0.000" classname="OfficePractice.DPAndAssertion"/>
  <testcase name="testData" time="0.000" classname="OfficePractice.DPAndAssertion"/>
  <testcase name="testData" time="0.000" classname="OfficePractice.DPAndAssertion"/>
  <testcase name="testData" time="0.004" classname="OfficePractice.DPAndAssertion"/>
  <testcase name="testData" time="0.000" classname="OfficePractice.DPAndAssertion"/>
  <testcase name="testData" time="0.000" classname="OfficePractice.DPAndAssertion"/>
  <testcase name="testData" time="0.000" classname="OfficePractice.DPAndAssertion"/>
  <testcase name="testData" time="0.000" classname="OfficePractice.DPAndAssertion"/>
  <testcase name="testData" time="0.000" classname="OfficePractice.DPAndAssertion"/>
  <testcase name="testData" time="0.004" classname="OfficePractice.DPAndAssertion"/>
  <testcase name="testData" time="0.000" classname="OfficePractice.DPAndAssertion"/>
  <testcase name="testData" time="0.004" classname="OfficePractice.DPAndAssertion"/>
  <testcase name="testData" time="0.000" classname="OfficePractice.DPAndAssertion"/>
  <testcase name="testData" time="0.000" classname="OfficePractice.DPAndAssertion"/>
  <testcase name="testData" time="0.000" classname="OfficePractice.DPAndAssertion"/>
  <testcase name="testData" time="0.004" classname="OfficePractice.DPAndAssertion"/>
  <testcase name="testData" time="0.000" classname="OfficePractice.DPAndAssertion"/>
  <testcase name="testData" time="0.000" classname="OfficePractice.DPAndAssertion"/>
  <testcase name="testData" time="0.000" classname="OfficePractice.DPAndAssertion"/>
  <testcase name="testData" time="0.000" classname="OfficePractice.DPAndAssertion"/>
  <testcase name="testData" time="0.004" classname="OfficePractice.DPAndAssertion"/>
  <testcase name="testData" time="0.000" classname="OfficePractice.DPAndAssertion"/>
  <testcase name="testData" time="0.000" classname="OfficePractice.DPAndAssertion"/>
  <testcase name="testData" time="0.000" classname="OfficePractice.DPAndAssertion"/>
  <testcase name="testData" time="0.000" classname="OfficePractice.DPAndAssertion"/>
  <testcase name="testData" time="0.000" classname="OfficePractice.DPAndAssertion"/>
  <testcase name="testData" time="0.000" classname="OfficePractice.DPAndAssertion"/>
  <testcase name="testData" time="0.000" classname="OfficePractice.DPAndAssertion"/>
  <testcase name="testData" time="0.000" classname="OfficePractice.DPAndAssertion"/>
  <testcase name="testData" time="0.000" classname="OfficePractice.DPAndAssertion"/>
  <testcase name="testData" time="0.000" classname="OfficePractice.DPAndAssertion"/>
  <testcase name="testData" time="0.000" classname="OfficePractice.DPAndAssertion"/>
  <testcase name="testData" time="0.000" classname="OfficePractice.DPAndAssertion"/>
  <testcase name="testData" time="0.000" classname="OfficePractice.DPAndAssertion"/>
  <testcase name="testData" time="0.000" classname="OfficePractice.DPAndAssertion"/>
  <testcase name="testData" time="0.004" classname="OfficePractice.DPAndAssertion"/>
  <testcase name="testData" time="0.000" classname="OfficePractice.DPAndAssertion"/>
  <testcase name="testData" time="0.000" classname="OfficePractice.DPAndAssertion"/>
  <testcase name="testData" time="0.000" classname="OfficePractice.DPAndAssertion"/>
  <testcase name="testData" time="0.000" classname="OfficePractice.DPAndAssertion"/>
  <testcase name="testData" time="0.000" classname="OfficePractice.DPAndAssertion"/>
  <testcase name="testData" time="0.000" classname="OfficePractice.DPAndAssertion"/>
  <testcase name="testData" time="0.000" classname="OfficePractice.DPAndAssertion"/>
  <testcase name="testData" time="0.000" classname="OfficePractice.DPAndAssertion"/>
  <testcase name="testData" time="0.004" classname="OfficePractice.DPAndAssertion"/>
  <testcase name="testData" time="0.000" classname="OfficePractice.DPAndAssertion"/>
  <testcase name="testData" time="0.004" classname="OfficePractice.DPAndAssertion"/>
  <testcase name="testData" time="0.000" classname="OfficePractice.DPAndAssertion"/>
  <testcase name="testData" time="0.004" classname="OfficePractice.DPAndAssertion"/>
  <testcase name="testData" time="0.000" classname="OfficePractice.DPAndAssertion"/>
  <testcase name="testData" time="0.000" classname="OfficePractice.DPAndAssertion"/>
  <testcase name="testData" time="0.000" classname="OfficePractice.DPAndAssertion"/>
  <testcase name="testData" time="0.000" classname="OfficePractice.DPAndAssertion"/>
  <testcase name="testData" time="0.004" classname="OfficePractice.DPAndAssertion"/>
  <testcase name="testData" time="0.000" classname="OfficePractice.DPAndAssertion"/>
  <testcase name="testData" time="0.000" classname="OfficePractice.DPAndAssertion"/>
  <testcase name="testData" time="0.000" classname="OfficePractice.DPAndAssertion"/>
  <testcase name="testData" time="0.004" classname="OfficePractice.DPAndAssertion"/>
  <testcase name="testData" time="0.000" classname="OfficePractice.DPAndAssertion"/>
  <testcase name="testData" time="0.000" classname="OfficePractice.DPAndAssertion"/>
  <testcase name="testData" time="0.000" classname="OfficePractice.DPAndAssertion"/>
  <testcase name="testData" time="0.004" classname="OfficePractice.DPAndAssertion"/>
  <testcase name="testData" time="0.000" classname="OfficePractice.DPAndAssertion"/>
  <testcase name="testData" time="0.000" classname="OfficePractice.DPAndAssertion"/>
  <testcase name="testData" time="0.000" classname="OfficePractice.DPAndAssertion"/>
  <testcase name="testData" time="0.004" classname="OfficePractice.DPAndAssertion"/>
  <testcase name="testData" time="0.004" classname="OfficePractice.DPAndAssertion"/>
  <testcase name="testData" time="0.004" classname="OfficePractice.DPAndAssertion"/>
  <testcase name="testData" time="0.000" classname="OfficePractice.DPAndAssertion"/>
  <testcase name="testData" time="0.000" classname="OfficePractice.DPAndAssertion"/>
  <testcase name="testData" time="0.000" classname="OfficePractice.DPAndAssertion"/>
  <testcase name="testData" time="0.000" classname="OfficePractice.DPAndAssertion"/>
  <testcase name="testData" time="0.000" classname="OfficePractice.DPAndAssertion"/>
  <testcase name="testData" time="0.000" classname="OfficePractice.DPAndAssertion"/>
  <testcase name="testData" time="0.000" classname="OfficePractice.DPAndAssertion"/>
  <testcase name="testData" time="0.000" classname="OfficePractice.DPAndAssertion"/>
  <testcase name="testData" time="0.000" classname="OfficePractice.DPAndAssertion"/>
  <testcase name="testData" time="0.004" classname="OfficePractice.DPAndAssertion"/>
  <testcase name="testData" time="0.004" classname="OfficePractice.DPAndAssertion"/>
  <testcase name="testData" time="0.000" classname="OfficePractice.DPAndAssertion"/>
  <testcase name="testData" time="0.000" classname="OfficePractice.DPAndAssertion"/>
  <testcase name="testData" time="0.004" classname="OfficePractice.DPAndAssertion"/>
  <testcase name="testData" time="0.000" classname="OfficePractice.DPAndAssertion"/>
  <testcase name="testData" time="0.000" classname="OfficePractice.DPAndAssertion"/>
  <testcase name="testData" time="0.000" classname="OfficePractice.DPAndAssertion"/>
  <testcase name="testData" time="0.000" classname="OfficePractice.DPAndAssertion"/>
  <testcase name="testData" time="0.000" classname="OfficePractice.DPAndAssertion"/>
  <testcase name="testData" time="0.000" classname="OfficePractice.DPAndAssertion"/>
  <testcase name="testData" time="0.000" classname="OfficePractice.DPAndAssertion"/>
  <testcase name="testData" time="0.000" classname="OfficePractice.DPAndAssertion"/>
  <testcase name="testData" time="0.004" classname="OfficePractice.DPAndAssertion"/>
  <testcase name="testData" time="0.004" classname="OfficePractice.DPAndAssertion"/>
  <testcase name="testData" time="0.000" classname="OfficePractice.DPAndAssertion"/>
  <testcase name="testData" time="0.000" classname="OfficePractice.DPAndAssertion"/>
  <testcase name="testData" time="0.000" classname="OfficePractice.DPAndAssertion"/>
  <testcase name="testData" time="0.004" classname="OfficePractice.DPAndAssertion"/>
  <testcase name="testData" time="0.000" classname="OfficePractice.DPAndAssertion"/>
  <testcase name="testData" time="0.000" classname="OfficePractice.DPAndAssertion"/>
  <testcase name="testData" time="0.000" classname="OfficePractice.DPAndAssertion"/>
  <testcase name="testData" time="0.000" classname="OfficePractice.DPAndAssertion"/>
  <testcase name="testData" time="0.000" classname="OfficePractice.DPAndAssertion"/>
  <testcase name="testData" time="0.000" classname="OfficePractice.DPAndAssertion"/>
  <testcase name="testData" time="0.004" classname="OfficePractice.DPAndAssertion"/>
  <testcase name="testData" time="0.000" classname="OfficePractice.DPAndAssertion"/>
  <testcase name="testData" time="0.000" classname="OfficePractice.DPAndAssertion"/>
  <testcase name="testData" time="0.000" classname="OfficePractice.DPAndAssertion"/>
  <testcase name="testData" time="0.000" classname="OfficePractice.DPAndAssertion"/>
  <testcase name="testData" time="0.004" classname="OfficePractice.DPAndAssertion"/>
  <testcase name="testData" time="0.004" classname="OfficePractice.DPAndAssertion"/>
  <testcase name="testData" time="0.000" classname="OfficePractice.DPAndAssertion"/>
  <testcase name="testData" time="0.000" classname="OfficePractice.DPAndAssertion"/>
  <testcase name="testData" time="0.004" classname="OfficePractice.DPAndAssertion"/>
  <testcase name="testData" time="0.000" classname="OfficePractice.DPAndAssertion"/>
  <testcase name="testData" time="0.000" classname="OfficePractice.DPAndAssertion"/>
  <testcase name="testData" time="0.000" classname="OfficePractice.DPAndAssertion"/>
  <testcase name="testData" time="0.000" classname="OfficePractice.DPAndAssertion"/>
  <testcase name="testData" time="0.000" classname="OfficePractice.DPAndAssertion"/>
  <testcase name="testData" time="0.000" classname="OfficePractice.DPAndAssertion"/>
  <testcase name="testData" time="0.000" classname="OfficePractice.DPAndAssertion"/>
  <testcase name="testData" time="0.000" classname="OfficePractice.DPAndAssertion"/>
  <testcase name="testData" time="0.000" classname="OfficePractice.DPAndAssertion"/>
  <testcase name="testData" time="0.000" classname="OfficePractice.DPAndAssertion"/>
  <testcase name="testData" time="0.000" classname="OfficePractice.DPAndAssertion"/>
  <testcase name="testData" time="0.000" classname="OfficePractice.DPAndAssertion"/>
  <testcase name="testData" time="0.000" classname="OfficePractice.DPAndAssertion"/>
  <testcase name="testData" time="0.000" classname="OfficePractice.DPAndAssertion"/>
  <testcase name="testData" time="0.000" classname="OfficePractice.DPAndAssertion"/>
  <testcase name="testData" time="0.000" classname="OfficePractice.DPAndAssertion"/>
  <testcase name="testData" time="0.004" classname="OfficePractice.DPAndAssertion"/>
  <testcase name="testData" time="0.004" classname="OfficePractice.DPAndAssertion"/>
  <testcase name="testData" time="0.000" classname="OfficePractice.DPAndAssertion"/>
  <testcase name="testData" time="0.000" classname="OfficePractice.DPAndAssertion"/>
  <testcase name="testData" time="0.004" classname="OfficePractice.DPAndAssertion"/>
  <testcase name="testData" time="0.004" classname="OfficePractice.DPAndAssertion"/>
  <testcase name="testData" time="0.000" classname="OfficePractice.DPAndAssertion"/>
  <testcase name="testData" time="0.000" classname="OfficePractice.DPAndAssertion"/>
  <testcase name="testData" time="0.004" classname="OfficePractice.DPAndAssertion"/>
  <testcase name="testData" time="0.000" classname="OfficePractice.DPAndAssertion"/>
  <testcase name="testData" time="0.004" classname="OfficePractice.DPAndAssertion"/>
  <testcase name="testData" time="0.000" classname="OfficePractice.DPAndAssertion"/>
  <testcase name="testData" time="0.004" classname="OfficePractice.DPAndAssertion"/>
  <testcase name="testData" time="0.000" classname="OfficePractice.DPAndAssertion"/>
  <testcase name="testData" time="0.004" classname="OfficePractice.DPAndAssertion"/>
  <testcase name="testData" time="0.000" classname="OfficePractice.DPAndAssertion"/>
  <testcase name="testData" time="0.004" classname="OfficePractice.DPAndAssertion"/>
  <testcase name="testData" time="0.000" classname="OfficePractice.DPAndAssertion"/>
  <testcase name="testData" time="0.000" classname="OfficePractice.DPAndAssertion"/>
  <testcase name="testData" time="0.004" classname="OfficePractice.DPAndAssertion"/>
  <testcase name="testData" time="0.004" classname="OfficePractice.DPAndAssertion"/>
  <testcase name="testData" time="0.000" classname="OfficePractice.DPAndAssertion"/>
  <testcase name="testData" time="0.000" classname="OfficePractice.DPAndAssertion"/>
  <testcase name="testData" time="0.004" classname="OfficePractice.DPAndAssertion"/>
  <testcase name="testData" time="0.000" classname="OfficePractice.DPAndAssertion"/>
  <testcase name="testData" time="0.000" classname="OfficePractice.DPAndAssertion"/>
  <testcase name="testData" time="0.004" classname="OfficePractice.DPAndAssertion"/>
  <testcase name="testData" time="0.004" classname="OfficePractice.DPAndAssertion"/>
  <testcase name="testData" time="0.000" classname="OfficePractice.DPAndAssertion"/>
  <testcase name="testData" time="0.000" classname="OfficePractice.DPAndAssertion"/>
  <testcase name="testData" time="0.000" classname="OfficePractice.DPAndAssertion"/>
  <testcase name="testData" time="0.000" classname="OfficePractice.DPAndAssertion"/>
  <testcase name="testData" time="0.000" classname="OfficePractice.DPAndAssertion"/>
  <testcase name="testData" time="0.000" classname="OfficePractice.DPAndAssertion"/>
  <testcase name="testData" time="0.000" classname="OfficePractice.DPAndAssertion"/>
  <testcase name="testData" time="0.000" classname="OfficePractice.DPAndAssertion"/>
  <testcase name="testData" time="0.004" classname="OfficePractice.DPAndAssertion"/>
  <testcase name="testData" time="0.004" classname="OfficePractice.DPAndAssertion"/>
  <testcase name="testData" time="0.000" classname="OfficePractice.DPAndAssertion"/>
  <testcase name="testData" time="0.004" classname="OfficePractice.DPAndAssertion"/>
  <testcase name="testData" time="0.004" classname="OfficePractice.DPAndAssertion"/>
  <testcase name="testData" time="0.000" classname="OfficePractice.DPAndAssertion"/>
  <testcase name="testData" time="0.004" classname="OfficePractice.DPAndAssertion"/>
  <testcase name="testData" time="0.000" classname="OfficePractice.DPAndAssertion"/>
  <testcase name="testData" time="0.000" classname="OfficePractice.DPAndAssertion"/>
  <testcase name="testData" time="0.000" classname="OfficePractice.DPAndAssertion"/>
  <testcase name="testData" time="0.000" classname="OfficePractice.DPAndAssertion"/>
  <testcase name="testData" time="0.000" classname="OfficePractice.DPAndAssertion"/>
  <testcase name="testData" time="0.000" classname="OfficePractice.DPAndAssertion"/>
  <testcase name="testData" time="0.000" classname="OfficePractice.DPAndAssertion"/>
  <testcase name="testData" time="0.004" classname="OfficePractice.DPAndAssertion"/>
  <testcase name="testData" time="0.000" classname="OfficePractice.DPAndAssertion"/>
  <testcase name="testData" time="0.000" classname="OfficePractice.DPAndAssertion"/>
  <testcase name="testData" time="0.000" classname="OfficePractice.DPAndAssertion"/>
  <testcase name="testData" time="0.000" classname="OfficePractice.DPAndAssertion"/>
  <testcase name="testData" time="0.000" classname="OfficePractice.DPAndAssertion"/>
  <testcase name="testData" time="0.000" classname="OfficePractice.DPAndAssertion"/>
  <testcase name="testData" time="0.004" classname="OfficePractice.DPAndAssertion"/>
  <testcase name="testData" time="0.000" classname="OfficePractice.DPAndAssertion"/>
  <testcase name="testData" time="0.000" classname="OfficePractice.DPAndAssertion"/>
  <testcase name="testData" time="0.000" classname="OfficePractice.DPAndAssertion"/>
  <testcase name="testData" time="0.004" classname="OfficePractice.DPAndAssertion"/>
  <testcase name="testData" time="0.004" classname="OfficePractice.DPAndAssertion"/>
  <testcase name="testData" time="0.000" classname="OfficePractice.DPAndAssertion"/>
  <testcase name="testData" time="0.000" classname="OfficePractice.DPAndAssertion"/>
  <testcase name="testData" time="0.004" classname="OfficePractice.DPAndAssertion"/>
  <testcase name="testData" time="0.000" classname="OfficePractice.DPAndAssertion"/>
  <testcase name="testData" time="0.000" classname="OfficePractice.DPAndAssertion"/>
  <testcase name="testData" time="0.000" classname="OfficePractice.DPAndAssertion"/>
  <testcase name="testData" time="0.000" classname="OfficePractice.DPAndAssertion"/>
  <testcase name="testData" time="0.000" classname="OfficePractice.DPAndAssertion"/>
  <testcase name="testData" time="0.000" classname="OfficePractice.DPAndAssertion"/>
  <testcase name="testData" time="0.000" classname="OfficePractice.DPAndAssertion"/>
  <testcase name="testData" time="0.000" classname="OfficePractice.DPAndAssertion"/>
</testsuite> <!-- OfficePractice.DPAndAssertion -->
