<?xml version="1.0" encoding="UTF-8"?>
<!-- Generated by org.testng.reporters.JUnitReportReporter -->
<testsuite skipped="0" hostname="Shiv" name="office.UrbanLadder" tests="1" failures="0" timestamp="15 Mar 2019 09:02:12 GMT" time="131.249" errors="0">
  <testcase name="testUrbanMenus" time="131.249" classname="office.UrbanLadder"/>
</testsuite> <!-- office.UrbanLadder -->
